<?xml version="1.0" encoding="UTF-8"?>
<robot generator="Robot 4.0.1 (Python 3.8.5 on linux)" generated="20210510 16:04:43.669" rpa="false" schemaversion="2">
<suite id="s1" name="Final" source="/home/lalit/codes/devops-basic-course/robot_task/final.robot">
<test id="s1-t1" name="Get data from webpage">
<kw name="Comment" library="BuiltIn">
<arg>Robot framework task of DevOps course</arg>
<doc>Displays the given messages in the log file as keyword arguments.</doc>
<status status="PASS" starttime="20210510 16:04:43.788" endtime="20210510 16:04:43.788"/>
</kw>
<kw name="Open Browser" library="SeleniumLibrary">
<arg>https://dwbl.dclabra.fi/api/v1/dht1</arg>
<arg>chrome</arg>
<doc>Opens a new browser instance to the optional ``url``.</doc>
<msg timestamp="20210510 16:04:43.788" level="INFO">Opening browser 'chrome' to base url 'https://dwbl.dclabra.fi/api/v1/dht1'.</msg>
<status status="PASS" starttime="20210510 16:04:43.788" endtime="20210510 16:04:45.447"/>
</kw>
<kw name="Get Text" library="SeleniumLibrary">
<var>${dht_data}</var>
<arg>xpath:/html/body/pre</arg>
<doc>Returns the text value of the element identified by ``locator``.</doc>
<msg timestamp="20210510 16:04:45.474" level="INFO">${dht_data} = {
  "humidity": "40.12", 
  "sensor_id": "dht1", 
  "sensor_type": "dht22", 
  "temperature": "22.42"
}</msg>
<status status="PASS" starttime="20210510 16:04:45.447" endtime="20210510 16:04:45.474"/>
</kw>
<kw name="Log To Console" library="BuiltIn">
<arg>${dht_data}</arg>
<doc>Logs the given message to the console.</doc>
<status status="PASS" starttime="20210510 16:04:45.475" endtime="20210510 16:04:45.475"/>
</kw>
<kw name="Evaluate" library="BuiltIn">
<var>${sensor_data}</var>
<arg>json.loads('''${dht_data}''')</arg>
<arg>json</arg>
<doc>Evaluates the given expression in Python and returns the result.</doc>
<msg timestamp="20210510 16:04:45.476" level="INFO">${sensor_data} = {'humidity': '40.12', 'sensor_id': 'dht1', 'sensor_type': 'dht22', 'temperature': '22.42'}</msg>
<status status="PASS" starttime="20210510 16:04:45.476" endtime="20210510 16:04:45.476"/>
</kw>
<kw name="Log To Console" library="BuiltIn">
<arg>Temperature reading: ${sensor_data["temperature"]} Humidity reading: ${sensor_data["humidity"]}</arg>
<doc>Logs the given message to the console.</doc>
<status status="PASS" starttime="20210510 16:04:45.476" endtime="20210510 16:04:45.477"/>
</kw>
<status status="PASS" starttime="20210510 16:04:43.787" endtime="20210510 16:04:45.478"/>
</test>
<status status="PASS" starttime="20210510 16:04:43.669" endtime="20210510 16:04:45.478"/>
</suite>
<statistics>
<total>
<stat pass="1" fail="0" skip="0">All Tests</stat>
</total>
<tag>
</tag>
<suite>
<stat pass="1" fail="0" skip="0" id="s1" name="Final">Final</stat>
</suite>
</statistics>
<errors>
</errors>
</robot>
